C:\USERS\FOOPINGTON\DOCUMENTS\VISUAL STUDIO 2012\PROJECTS\MAGIC\MAGIC_FACE\MAGIC_FACE\MAGIC_FACE\DEBUG\VC110.PDB
C:\USERS\FOOPINGTON\DOCUMENTS\VISUAL STUDIO 2012\PROJECTS\MAGIC\MAGIC_FACE\MAGIC_FACE\MAGIC_FACE\DEBUG\STDAFX.OBJ
C:\USERS\FOOPINGTON\DOCUMENTS\VISUAL STUDIO 2012\PROJECTS\MAGIC\MAGIC_FACE\MAGIC_FACE\MAGIC_FACE\DEBUG\MAGIC_FACE.OBJ
C:\USERS\FOOPINGTON\DOCUMENTS\VISUAL STUDIO 2012\PROJECTS\MAGIC\MAGIC_FACE\MAGIC_FACE\MAGIC_FACE\DEBUG\TEXTREADWRITE.OBJ
C:\USERS\FOOPINGTON\DOCUMENTS\VISUAL STUDIO 2012\PROJECTS\MAGIC\MAGIC_FACE\MAGIC_FACE\MAGIC_FACE\DEBUG\STRINGS.OBJ
C:\USERS\FOOPINGTON\DOCUMENTS\VISUAL STUDIO 2012\PROJECTS\MAGIC\MAGIC_FACE\MAGIC_FACE\DEBUG\MAGIC_FACE.ILK
C:\USERS\FOOPINGTON\DOCUMENTS\VISUAL STUDIO 2012\PROJECTS\MAGIC\MAGIC_FACE\MAGIC_FACE\DEBUG\MAGIC_FACE.EXE
C:\USERS\FOOPINGTON\DOCUMENTS\VISUAL STUDIO 2012\PROJECTS\MAGIC\MAGIC_FACE\MAGIC_FACE\DEBUG\MAGIC_FACE.PDB
C:\Users\Foopington\Documents\Visual Studio 2012\Projects\MAGIC\MAGIC_FACE\MAGIC_FACE\MAGIC_FACE\Debug\MAGIC_FACE.obj
C:\Users\Foopington\Documents\Visual Studio 2012\Projects\MAGIC\MAGIC_FACE\MAGIC_FACE\MAGIC_FACE\Debug\stdafx.obj
C:\Users\Foopington\Documents\Visual Studio 2012\Projects\MAGIC\MAGIC_FACE\MAGIC_FACE\MAGIC_FACE\Debug\Strings.obj
C:\Users\Foopington\Documents\Visual Studio 2012\Projects\MAGIC\MAGIC_FACE\MAGIC_FACE\MAGIC_FACE\Debug\TextReadWrite.obj
C:\Users\Foopington\Documents\Visual Studio 2012\Projects\MAGIC\MAGIC_FACE\MAGIC_FACE\MAGIC_FACE\Debug\cl.command.1.tlog
C:\Users\Foopington\Documents\Visual Studio 2012\Projects\MAGIC\MAGIC_FACE\MAGIC_FACE\MAGIC_FACE\Debug\CL.read.1.tlog
C:\Users\Foopington\Documents\Visual Studio 2012\Projects\MAGIC\MAGIC_FACE\MAGIC_FACE\MAGIC_FACE\Debug\CL.write.1.tlog
C:\Users\Foopington\Documents\Visual Studio 2012\Projects\MAGIC\MAGIC_FACE\MAGIC_FACE\MAGIC_FACE\Debug\link-cvtres.read.1.tlog
C:\Users\Foopington\Documents\Visual Studio 2012\Projects\MAGIC\MAGIC_FACE\MAGIC_FACE\MAGIC_FACE\Debug\link-cvtres.write.1.tlog
C:\Users\Foopington\Documents\Visual Studio 2012\Projects\MAGIC\MAGIC_FACE\MAGIC_FACE\MAGIC_FACE\Debug\link-rc.read.1.tlog
C:\Users\Foopington\Documents\Visual Studio 2012\Projects\MAGIC\MAGIC_FACE\MAGIC_FACE\MAGIC_FACE\Debug\link-rc.write.1.tlog
C:\Users\Foopington\Documents\Visual Studio 2012\Projects\MAGIC\MAGIC_FACE\MAGIC_FACE\MAGIC_FACE\Debug\link.10688-cvtres.read.1.tlog
C:\Users\Foopington\Documents\Visual Studio 2012\Projects\MAGIC\MAGIC_FACE\MAGIC_FACE\MAGIC_FACE\Debug\link.10688-cvtres.write.1.tlog
C:\Users\Foopington\Documents\Visual Studio 2012\Projects\MAGIC\MAGIC_FACE\MAGIC_FACE\MAGIC_FACE\Debug\link.10688-rc.read.1.tlog
C:\Users\Foopington\Documents\Visual Studio 2012\Projects\MAGIC\MAGIC_FACE\MAGIC_FACE\MAGIC_FACE\Debug\link.10688-rc.write.1.tlog
C:\Users\Foopington\Documents\Visual Studio 2012\Projects\MAGIC\MAGIC_FACE\MAGIC_FACE\MAGIC_FACE\Debug\link.10688.read.1.tlog
C:\Users\Foopington\Documents\Visual Studio 2012\Projects\MAGIC\MAGIC_FACE\MAGIC_FACE\MAGIC_FACE\Debug\link.10688.write.1.tlog
C:\Users\Foopington\Documents\Visual Studio 2012\Projects\MAGIC\MAGIC_FACE\MAGIC_FACE\MAGIC_FACE\Debug\link.10728-cvtres.read.1.tlog
C:\Users\Foopington\Documents\Visual Studio 2012\Projects\MAGIC\MAGIC_FACE\MAGIC_FACE\MAGIC_FACE\Debug\link.10728-cvtres.write.1.tlog
C:\Users\Foopington\Documents\Visual Studio 2012\Projects\MAGIC\MAGIC_FACE\MAGIC_FACE\MAGIC_FACE\Debug\link.10728-rc.read.1.tlog
C:\Users\Foopington\Documents\Visual Studio 2012\Projects\MAGIC\MAGIC_FACE\MAGIC_FACE\MAGIC_FACE\Debug\link.10728-rc.write.1.tlog
C:\Users\Foopington\Documents\Visual Studio 2012\Projects\MAGIC\MAGIC_FACE\MAGIC_FACE\MAGIC_FACE\Debug\link.10728.read.1.tlog
C:\Users\Foopington\Documents\Visual Studio 2012\Projects\MAGIC\MAGIC_FACE\MAGIC_FACE\MAGIC_FACE\Debug\link.10728.write.1.tlog
C:\Users\Foopington\Documents\Visual Studio 2012\Projects\MAGIC\MAGIC_FACE\MAGIC_FACE\MAGIC_FACE\Debug\link.10740-cvtres.read.1.tlog
C:\Users\Foopington\Documents\Visual Studio 2012\Projects\MAGIC\MAGIC_FACE\MAGIC_FACE\MAGIC_FACE\Debug\link.10740-cvtres.write.1.tlog
C:\Users\Foopington\Documents\Visual Studio 2012\Projects\MAGIC\MAGIC_FACE\MAGIC_FACE\MAGIC_FACE\Debug\link.10740-rc.read.1.tlog
C:\Users\Foopington\Documents\Visual Studio 2012\Projects\MAGIC\MAGIC_FACE\MAGIC_FACE\MAGIC_FACE\Debug\link.10740-rc.write.1.tlog
C:\Users\Foopington\Documents\Visual Studio 2012\Projects\MAGIC\MAGIC_FACE\MAGIC_FACE\MAGIC_FACE\Debug\link.10740.read.1.tlog
C:\Users\Foopington\Documents\Visual Studio 2012\Projects\MAGIC\MAGIC_FACE\MAGIC_FACE\MAGIC_FACE\Debug\link.10740.write.1.tlog
C:\Users\Foopington\Documents\Visual Studio 2012\Projects\MAGIC\MAGIC_FACE\MAGIC_FACE\MAGIC_FACE\Debug\link.10804-cvtres.read.1.tlog
C:\Users\Foopington\Documents\Visual Studio 2012\Projects\MAGIC\MAGIC_FACE\MAGIC_FACE\MAGIC_FACE\Debug\link.10804-cvtres.write.1.tlog
C:\Users\Foopington\Documents\Visual Studio 2012\Projects\MAGIC\MAGIC_FACE\MAGIC_FACE\MAGIC_FACE\Debug\link.10804-rc.read.1.tlog
C:\Users\Foopington\Documents\Visual Studio 2012\Projects\MAGIC\MAGIC_FACE\MAGIC_FACE\MAGIC_FACE\Debug\link.10804-rc.write.1.tlog
C:\Users\Foopington\Documents\Visual Studio 2012\Projects\MAGIC\MAGIC_FACE\MAGIC_FACE\MAGIC_FACE\Debug\link.10804.read.1.tlog
C:\Users\Foopington\Documents\Visual Studio 2012\Projects\MAGIC\MAGIC_FACE\MAGIC_FACE\MAGIC_FACE\Debug\link.10804.write.1.tlog
C:\Users\Foopington\Documents\Visual Studio 2012\Projects\MAGIC\MAGIC_FACE\MAGIC_FACE\MAGIC_FACE\Debug\link.10964-cvtres.read.1.tlog
C:\Users\Foopington\Documents\Visual Studio 2012\Projects\MAGIC\MAGIC_FACE\MAGIC_FACE\MAGIC_FACE\Debug\link.10964-cvtres.write.1.tlog
C:\Users\Foopington\Documents\Visual Studio 2012\Projects\MAGIC\MAGIC_FACE\MAGIC_FACE\MAGIC_FACE\Debug\link.10964-rc.read.1.tlog
C:\Users\Foopington\Documents\Visual Studio 2012\Projects\MAGIC\MAGIC_FACE\MAGIC_FACE\MAGIC_FACE\Debug\link.10964-rc.write.1.tlog
C:\Users\Foopington\Documents\Visual Studio 2012\Projects\MAGIC\MAGIC_FACE\MAGIC_FACE\MAGIC_FACE\Debug\link.10964.read.1.tlog
C:\Users\Foopington\Documents\Visual Studio 2012\Projects\MAGIC\MAGIC_FACE\MAGIC_FACE\MAGIC_FACE\Debug\link.10964.write.1.tlog
C:\Users\Foopington\Documents\Visual Studio 2012\Projects\MAGIC\MAGIC_FACE\MAGIC_FACE\MAGIC_FACE\Debug\link.10972-cvtres.read.1.tlog
C:\Users\Foopington\Documents\Visual Studio 2012\Projects\MAGIC\MAGIC_FACE\MAGIC_FACE\MAGIC_FACE\Debug\link.10972-cvtres.write.1.tlog
C:\Users\Foopington\Documents\Visual Studio 2012\Projects\MAGIC\MAGIC_FACE\MAGIC_FACE\MAGIC_FACE\Debug\link.10972-rc.read.1.tlog
C:\Users\Foopington\Documents\Visual Studio 2012\Projects\MAGIC\MAGIC_FACE\MAGIC_FACE\MAGIC_FACE\Debug\link.10972-rc.write.1.tlog
C:\Users\Foopington\Documents\Visual Studio 2012\Projects\MAGIC\MAGIC_FACE\MAGIC_FACE\MAGIC_FACE\Debug\link.10972.read.1.tlog
C:\Users\Foopington\Documents\Visual Studio 2012\Projects\MAGIC\MAGIC_FACE\MAGIC_FACE\MAGIC_FACE\Debug\link.10972.write.1.tlog
C:\Users\Foopington\Documents\Visual Studio 2012\Projects\MAGIC\MAGIC_FACE\MAGIC_FACE\MAGIC_FACE\Debug\link.11016-cvtres.read.1.tlog
C:\Users\Foopington\Documents\Visual Studio 2012\Projects\MAGIC\MAGIC_FACE\MAGIC_FACE\MAGIC_FACE\Debug\link.11016-cvtres.write.1.tlog
C:\Users\Foopington\Documents\Visual Studio 2012\Projects\MAGIC\MAGIC_FACE\MAGIC_FACE\MAGIC_FACE\Debug\link.11016-rc.read.1.tlog
C:\Users\Foopington\Documents\Visual Studio 2012\Projects\MAGIC\MAGIC_FACE\MAGIC_FACE\MAGIC_FACE\Debug\link.11016-rc.write.1.tlog
C:\Users\Foopington\Documents\Visual Studio 2012\Projects\MAGIC\MAGIC_FACE\MAGIC_FACE\MAGIC_FACE\Debug\link.11016.read.1.tlog
C:\Users\Foopington\Documents\Visual Studio 2012\Projects\MAGIC\MAGIC_FACE\MAGIC_FACE\MAGIC_FACE\Debug\link.11016.write.1.tlog
C:\Users\Foopington\Documents\Visual Studio 2012\Projects\MAGIC\MAGIC_FACE\MAGIC_FACE\MAGIC_FACE\Debug\link.11200-cvtres.read.1.tlog
C:\Users\Foopington\Documents\Visual Studio 2012\Projects\MAGIC\MAGIC_FACE\MAGIC_FACE\MAGIC_FACE\Debug\link.11200-cvtres.write.1.tlog
C:\Users\Foopington\Documents\Visual Studio 2012\Projects\MAGIC\MAGIC_FACE\MAGIC_FACE\MAGIC_FACE\Debug\link.11200-rc.read.1.tlog
C:\Users\Foopington\Documents\Visual Studio 2012\Projects\MAGIC\MAGIC_FACE\MAGIC_FACE\MAGIC_FACE\Debug\link.11200-rc.write.1.tlog
C:\Users\Foopington\Documents\Visual Studio 2012\Projects\MAGIC\MAGIC_FACE\MAGIC_FACE\MAGIC_FACE\Debug\link.11200.read.1.tlog
C:\Users\Foopington\Documents\Visual Studio 2012\Projects\MAGIC\MAGIC_FACE\MAGIC_FACE\MAGIC_FACE\Debug\link.11200.write.1.tlog
C:\Users\Foopington\Documents\Visual Studio 2012\Projects\MAGIC\MAGIC_FACE\MAGIC_FACE\MAGIC_FACE\Debug\link.11448-cvtres.read.1.tlog
C:\Users\Foopington\Documents\Visual Studio 2012\Projects\MAGIC\MAGIC_FACE\MAGIC_FACE\MAGIC_FACE\Debug\link.11448-cvtres.write.1.tlog
C:\Users\Foopington\Documents\Visual Studio 2012\Projects\MAGIC\MAGIC_FACE\MAGIC_FACE\MAGIC_FACE\Debug\link.11448-rc.read.1.tlog
C:\Users\Foopington\Documents\Visual Studio 2012\Projects\MAGIC\MAGIC_FACE\MAGIC_FACE\MAGIC_FACE\Debug\link.11448-rc.write.1.tlog
C:\Users\Foopington\Documents\Visual Studio 2012\Projects\MAGIC\MAGIC_FACE\MAGIC_FACE\MAGIC_FACE\Debug\link.11448.read.1.tlog
C:\Users\Foopington\Documents\Visual Studio 2012\Projects\MAGIC\MAGIC_FACE\MAGIC_FACE\MAGIC_FACE\Debug\link.11448.write.1.tlog
C:\Users\Foopington\Documents\Visual Studio 2012\Projects\MAGIC\MAGIC_FACE\MAGIC_FACE\MAGIC_FACE\Debug\link.11532-cvtres.read.1.tlog
C:\Users\Foopington\Documents\Visual Studio 2012\Projects\MAGIC\MAGIC_FACE\MAGIC_FACE\MAGIC_FACE\Debug\link.11532-cvtres.write.1.tlog
C:\Users\Foopington\Documents\Visual Studio 2012\Projects\MAGIC\MAGIC_FACE\MAGIC_FACE\MAGIC_FACE\Debug\link.11532-rc.read.1.tlog
C:\Users\Foopington\Documents\Visual Studio 2012\Projects\MAGIC\MAGIC_FACE\MAGIC_FACE\MAGIC_FACE\Debug\link.11532-rc.write.1.tlog
C:\Users\Foopington\Documents\Visual Studio 2012\Projects\MAGIC\MAGIC_FACE\MAGIC_FACE\MAGIC_FACE\Debug\link.11532.read.1.tlog
C:\Users\Foopington\Documents\Visual Studio 2012\Projects\MAGIC\MAGIC_FACE\MAGIC_FACE\MAGIC_FACE\Debug\link.11532.write.1.tlog
C:\Users\Foopington\Documents\Visual Studio 2012\Projects\MAGIC\MAGIC_FACE\MAGIC_FACE\MAGIC_FACE\Debug\link.11844-cvtres.read.1.tlog
C:\Users\Foopington\Documents\Visual Studio 2012\Projects\MAGIC\MAGIC_FACE\MAGIC_FACE\MAGIC_FACE\Debug\link.11844-cvtres.write.1.tlog
C:\Users\Foopington\Documents\Visual Studio 2012\Projects\MAGIC\MAGIC_FACE\MAGIC_FACE\MAGIC_FACE\Debug\link.11844-rc.read.1.tlog
C:\Users\Foopington\Documents\Visual Studio 2012\Projects\MAGIC\MAGIC_FACE\MAGIC_FACE\MAGIC_FACE\Debug\link.11844-rc.write.1.tlog
C:\Users\Foopington\Documents\Visual Studio 2012\Projects\MAGIC\MAGIC_FACE\MAGIC_FACE\MAGIC_FACE\Debug\link.11844.read.1.tlog
C:\Users\Foopington\Documents\Visual Studio 2012\Projects\MAGIC\MAGIC_FACE\MAGIC_FACE\MAGIC_FACE\Debug\link.11844.write.1.tlog
C:\Users\Foopington\Documents\Visual Studio 2012\Projects\MAGIC\MAGIC_FACE\MAGIC_FACE\MAGIC_FACE\Debug\link.12520-cvtres.read.1.tlog
C:\Users\Foopington\Documents\Visual Studio 2012\Projects\MAGIC\MAGIC_FACE\MAGIC_FACE\MAGIC_FACE\Debug\link.12520-cvtres.write.1.tlog
C:\Users\Foopington\Documents\Visual Studio 2012\Projects\MAGIC\MAGIC_FACE\MAGIC_FACE\MAGIC_FACE\Debug\link.12520-rc.read.1.tlog
C:\Users\Foopington\Documents\Visual Studio 2012\Projects\MAGIC\MAGIC_FACE\MAGIC_FACE\MAGIC_FACE\Debug\link.12520-rc.write.1.tlog
C:\Users\Foopington\Documents\Visual Studio 2012\Projects\MAGIC\MAGIC_FACE\MAGIC_FACE\MAGIC_FACE\Debug\link.12520.read.1.tlog
C:\Users\Foopington\Documents\Visual Studio 2012\Projects\MAGIC\MAGIC_FACE\MAGIC_FACE\MAGIC_FACE\Debug\link.12520.write.1.tlog
C:\Users\Foopington\Documents\Visual Studio 2012\Projects\MAGIC\MAGIC_FACE\MAGIC_FACE\MAGIC_FACE\Debug\link.13264-cvtres.read.1.tlog
C:\Users\Foopington\Documents\Visual Studio 2012\Projects\MAGIC\MAGIC_FACE\MAGIC_FACE\MAGIC_FACE\Debug\link.13264-cvtres.write.1.tlog
C:\Users\Foopington\Documents\Visual Studio 2012\Projects\MAGIC\MAGIC_FACE\MAGIC_FACE\MAGIC_FACE\Debug\link.13264-rc.read.1.tlog
C:\Users\Foopington\Documents\Visual Studio 2012\Projects\MAGIC\MAGIC_FACE\MAGIC_FACE\MAGIC_FACE\Debug\link.13264-rc.write.1.tlog
C:\Users\Foopington\Documents\Visual Studio 2012\Projects\MAGIC\MAGIC_FACE\MAGIC_FACE\MAGIC_FACE\Debug\link.13264.read.1.tlog
C:\Users\Foopington\Documents\Visual Studio 2012\Projects\MAGIC\MAGIC_FACE\MAGIC_FACE\MAGIC_FACE\Debug\link.13264.write.1.tlog
C:\Users\Foopington\Documents\Visual Studio 2012\Projects\MAGIC\MAGIC_FACE\MAGIC_FACE\MAGIC_FACE\Debug\link.13984-cvtres.read.1.tlog
C:\Users\Foopington\Documents\Visual Studio 2012\Projects\MAGIC\MAGIC_FACE\MAGIC_FACE\MAGIC_FACE\Debug\link.13984-cvtres.write.1.tlog
C:\Users\Foopington\Documents\Visual Studio 2012\Projects\MAGIC\MAGIC_FACE\MAGIC_FACE\MAGIC_FACE\Debug\link.13984-rc.read.1.tlog
C:\Users\Foopington\Documents\Visual Studio 2012\Projects\MAGIC\MAGIC_FACE\MAGIC_FACE\MAGIC_FACE\Debug\link.13984-rc.write.1.tlog
C:\Users\Foopington\Documents\Visual Studio 2012\Projects\MAGIC\MAGIC_FACE\MAGIC_FACE\MAGIC_FACE\Debug\link.13984.read.1.tlog
C:\Users\Foopington\Documents\Visual Studio 2012\Projects\MAGIC\MAGIC_FACE\MAGIC_FACE\MAGIC_FACE\Debug\link.13984.write.1.tlog
C:\Users\Foopington\Documents\Visual Studio 2012\Projects\MAGIC\MAGIC_FACE\MAGIC_FACE\MAGIC_FACE\Debug\link.14000-cvtres.read.1.tlog
C:\Users\Foopington\Documents\Visual Studio 2012\Projects\MAGIC\MAGIC_FACE\MAGIC_FACE\MAGIC_FACE\Debug\link.14000-cvtres.write.1.tlog
C:\Users\Foopington\Documents\Visual Studio 2012\Projects\MAGIC\MAGIC_FACE\MAGIC_FACE\MAGIC_FACE\Debug\link.14000-rc.read.1.tlog
C:\Users\Foopington\Documents\Visual Studio 2012\Projects\MAGIC\MAGIC_FACE\MAGIC_FACE\MAGIC_FACE\Debug\link.14000-rc.write.1.tlog
C:\Users\Foopington\Documents\Visual Studio 2012\Projects\MAGIC\MAGIC_FACE\MAGIC_FACE\MAGIC_FACE\Debug\link.14000.read.1.tlog
C:\Users\Foopington\Documents\Visual Studio 2012\Projects\MAGIC\MAGIC_FACE\MAGIC_FACE\MAGIC_FACE\Debug\link.14000.write.1.tlog
C:\Users\Foopington\Documents\Visual Studio 2012\Projects\MAGIC\MAGIC_FACE\MAGIC_FACE\MAGIC_FACE\Debug\link.14128-cvtres.read.1.tlog
C:\Users\Foopington\Documents\Visual Studio 2012\Projects\MAGIC\MAGIC_FACE\MAGIC_FACE\MAGIC_FACE\Debug\link.14128-cvtres.write.1.tlog
C:\Users\Foopington\Documents\Visual Studio 2012\Projects\MAGIC\MAGIC_FACE\MAGIC_FACE\MAGIC_FACE\Debug\link.14128-rc.read.1.tlog
C:\Users\Foopington\Documents\Visual Studio 2012\Projects\MAGIC\MAGIC_FACE\MAGIC_FACE\MAGIC_FACE\Debug\link.14128-rc.write.1.tlog
C:\Users\Foopington\Documents\Visual Studio 2012\Projects\MAGIC\MAGIC_FACE\MAGIC_FACE\MAGIC_FACE\Debug\link.14128.read.1.tlog
C:\Users\Foopington\Documents\Visual Studio 2012\Projects\MAGIC\MAGIC_FACE\MAGIC_FACE\MAGIC_FACE\Debug\link.14128.write.1.tlog
C:\Users\Foopington\Documents\Visual Studio 2012\Projects\MAGIC\MAGIC_FACE\MAGIC_FACE\MAGIC_FACE\Debug\link.15064-cvtres.read.1.tlog
C:\Users\Foopington\Documents\Visual Studio 2012\Projects\MAGIC\MAGIC_FACE\MAGIC_FACE\MAGIC_FACE\Debug\link.15064-cvtres.write.1.tlog
C:\Users\Foopington\Documents\Visual Studio 2012\Projects\MAGIC\MAGIC_FACE\MAGIC_FACE\MAGIC_FACE\Debug\link.15064-rc.read.1.tlog
C:\Users\Foopington\Documents\Visual Studio 2012\Projects\MAGIC\MAGIC_FACE\MAGIC_FACE\MAGIC_FACE\Debug\link.15064-rc.write.1.tlog
C:\Users\Foopington\Documents\Visual Studio 2012\Projects\MAGIC\MAGIC_FACE\MAGIC_FACE\MAGIC_FACE\Debug\link.15064.read.1.tlog
C:\Users\Foopington\Documents\Visual Studio 2012\Projects\MAGIC\MAGIC_FACE\MAGIC_FACE\MAGIC_FACE\Debug\link.15064.write.1.tlog
C:\Users\Foopington\Documents\Visual Studio 2012\Projects\MAGIC\MAGIC_FACE\MAGIC_FACE\MAGIC_FACE\Debug\link.24840-cvtres.read.1.tlog
C:\Users\Foopington\Documents\Visual Studio 2012\Projects\MAGIC\MAGIC_FACE\MAGIC_FACE\MAGIC_FACE\Debug\link.24840-cvtres.write.1.tlog
C:\Users\Foopington\Documents\Visual Studio 2012\Projects\MAGIC\MAGIC_FACE\MAGIC_FACE\MAGIC_FACE\Debug\link.24840-rc.read.1.tlog
C:\Users\Foopington\Documents\Visual Studio 2012\Projects\MAGIC\MAGIC_FACE\MAGIC_FACE\MAGIC_FACE\Debug\link.24840-rc.write.1.tlog
C:\Users\Foopington\Documents\Visual Studio 2012\Projects\MAGIC\MAGIC_FACE\MAGIC_FACE\MAGIC_FACE\Debug\link.24840.read.1.tlog
C:\Users\Foopington\Documents\Visual Studio 2012\Projects\MAGIC\MAGIC_FACE\MAGIC_FACE\MAGIC_FACE\Debug\link.24840.write.1.tlog
C:\Users\Foopington\Documents\Visual Studio 2012\Projects\MAGIC\MAGIC_FACE\MAGIC_FACE\MAGIC_FACE\Debug\link.25612-cvtres.read.1.tlog
C:\Users\Foopington\Documents\Visual Studio 2012\Projects\MAGIC\MAGIC_FACE\MAGIC_FACE\MAGIC_FACE\Debug\link.25612-cvtres.write.1.tlog
C:\Users\Foopington\Documents\Visual Studio 2012\Projects\MAGIC\MAGIC_FACE\MAGIC_FACE\MAGIC_FACE\Debug\link.25612-rc.read.1.tlog
C:\Users\Foopington\Documents\Visual Studio 2012\Projects\MAGIC\MAGIC_FACE\MAGIC_FACE\MAGIC_FACE\Debug\link.25612-rc.write.1.tlog
C:\Users\Foopington\Documents\Visual Studio 2012\Projects\MAGIC\MAGIC_FACE\MAGIC_FACE\MAGIC_FACE\Debug\link.25612.read.1.tlog
C:\Users\Foopington\Documents\Visual Studio 2012\Projects\MAGIC\MAGIC_FACE\MAGIC_FACE\MAGIC_FACE\Debug\link.25612.write.1.tlog
C:\Users\Foopington\Documents\Visual Studio 2012\Projects\MAGIC\MAGIC_FACE\MAGIC_FACE\MAGIC_FACE\Debug\link.26200-cvtres.read.1.tlog
C:\Users\Foopington\Documents\Visual Studio 2012\Projects\MAGIC\MAGIC_FACE\MAGIC_FACE\MAGIC_FACE\Debug\link.26200-cvtres.write.1.tlog
C:\Users\Foopington\Documents\Visual Studio 2012\Projects\MAGIC\MAGIC_FACE\MAGIC_FACE\MAGIC_FACE\Debug\link.26200-rc.read.1.tlog
C:\Users\Foopington\Documents\Visual Studio 2012\Projects\MAGIC\MAGIC_FACE\MAGIC_FACE\MAGIC_FACE\Debug\link.26200-rc.write.1.tlog
C:\Users\Foopington\Documents\Visual Studio 2012\Projects\MAGIC\MAGIC_FACE\MAGIC_FACE\MAGIC_FACE\Debug\link.26200.read.1.tlog
C:\Users\Foopington\Documents\Visual Studio 2012\Projects\MAGIC\MAGIC_FACE\MAGIC_FACE\MAGIC_FACE\Debug\link.26200.write.1.tlog
C:\Users\Foopington\Documents\Visual Studio 2012\Projects\MAGIC\MAGIC_FACE\MAGIC_FACE\MAGIC_FACE\Debug\link.26772-cvtres.read.1.tlog
C:\Users\Foopington\Documents\Visual Studio 2012\Projects\MAGIC\MAGIC_FACE\MAGIC_FACE\MAGIC_FACE\Debug\link.26772-cvtres.write.1.tlog
C:\Users\Foopington\Documents\Visual Studio 2012\Projects\MAGIC\MAGIC_FACE\MAGIC_FACE\MAGIC_FACE\Debug\link.26772-rc.read.1.tlog
C:\Users\Foopington\Documents\Visual Studio 2012\Projects\MAGIC\MAGIC_FACE\MAGIC_FACE\MAGIC_FACE\Debug\link.26772-rc.write.1.tlog
C:\Users\Foopington\Documents\Visual Studio 2012\Projects\MAGIC\MAGIC_FACE\MAGIC_FACE\MAGIC_FACE\Debug\link.26772.read.1.tlog
C:\Users\Foopington\Documents\Visual Studio 2012\Projects\MAGIC\MAGIC_FACE\MAGIC_FACE\MAGIC_FACE\Debug\link.26772.write.1.tlog
C:\Users\Foopington\Documents\Visual Studio 2012\Projects\MAGIC\MAGIC_FACE\MAGIC_FACE\MAGIC_FACE\Debug\link.26924-cvtres.read.1.tlog
C:\Users\Foopington\Documents\Visual Studio 2012\Projects\MAGIC\MAGIC_FACE\MAGIC_FACE\MAGIC_FACE\Debug\link.26924-cvtres.write.1.tlog
C:\Users\Foopington\Documents\Visual Studio 2012\Projects\MAGIC\MAGIC_FACE\MAGIC_FACE\MAGIC_FACE\Debug\link.26924-rc.read.1.tlog
C:\Users\Foopington\Documents\Visual Studio 2012\Projects\MAGIC\MAGIC_FACE\MAGIC_FACE\MAGIC_FACE\Debug\link.26924-rc.write.1.tlog
C:\Users\Foopington\Documents\Visual Studio 2012\Projects\MAGIC\MAGIC_FACE\MAGIC_FACE\MAGIC_FACE\Debug\link.26924.read.1.tlog
C:\Users\Foopington\Documents\Visual Studio 2012\Projects\MAGIC\MAGIC_FACE\MAGIC_FACE\MAGIC_FACE\Debug\link.26924.write.1.tlog
C:\Users\Foopington\Documents\Visual Studio 2012\Projects\MAGIC\MAGIC_FACE\MAGIC_FACE\MAGIC_FACE\Debug\link.2724-cvtres.read.1.tlog
C:\Users\Foopington\Documents\Visual Studio 2012\Projects\MAGIC\MAGIC_FACE\MAGIC_FACE\MAGIC_FACE\Debug\link.2724-cvtres.write.1.tlog
C:\Users\Foopington\Documents\Visual Studio 2012\Projects\MAGIC\MAGIC_FACE\MAGIC_FACE\MAGIC_FACE\Debug\link.2724-rc.read.1.tlog
C:\Users\Foopington\Documents\Visual Studio 2012\Projects\MAGIC\MAGIC_FACE\MAGIC_FACE\MAGIC_FACE\Debug\link.2724-rc.write.1.tlog
C:\Users\Foopington\Documents\Visual Studio 2012\Projects\MAGIC\MAGIC_FACE\MAGIC_FACE\MAGIC_FACE\Debug\link.2724.read.1.tlog
C:\Users\Foopington\Documents\Visual Studio 2012\Projects\MAGIC\MAGIC_FACE\MAGIC_FACE\MAGIC_FACE\Debug\link.2724.write.1.tlog
C:\Users\Foopington\Documents\Visual Studio 2012\Projects\MAGIC\MAGIC_FACE\MAGIC_FACE\MAGIC_FACE\Debug\link.27404-cvtres.read.1.tlog
C:\Users\Foopington\Documents\Visual Studio 2012\Projects\MAGIC\MAGIC_FACE\MAGIC_FACE\MAGIC_FACE\Debug\link.27404-cvtres.write.1.tlog
C:\Users\Foopington\Documents\Visual Studio 2012\Projects\MAGIC\MAGIC_FACE\MAGIC_FACE\MAGIC_FACE\Debug\link.27404-rc.read.1.tlog
C:\Users\Foopington\Documents\Visual Studio 2012\Projects\MAGIC\MAGIC_FACE\MAGIC_FACE\MAGIC_FACE\Debug\link.27404-rc.write.1.tlog
C:\Users\Foopington\Documents\Visual Studio 2012\Projects\MAGIC\MAGIC_FACE\MAGIC_FACE\MAGIC_FACE\Debug\link.27404.read.1.tlog
C:\Users\Foopington\Documents\Visual Studio 2012\Projects\MAGIC\MAGIC_FACE\MAGIC_FACE\MAGIC_FACE\Debug\link.27404.write.1.tlog
C:\Users\Foopington\Documents\Visual Studio 2012\Projects\MAGIC\MAGIC_FACE\MAGIC_FACE\MAGIC_FACE\Debug\link.4016-cvtres.read.1.tlog
C:\Users\Foopington\Documents\Visual Studio 2012\Projects\MAGIC\MAGIC_FACE\MAGIC_FACE\MAGIC_FACE\Debug\link.4016-cvtres.write.1.tlog
C:\Users\Foopington\Documents\Visual Studio 2012\Projects\MAGIC\MAGIC_FACE\MAGIC_FACE\MAGIC_FACE\Debug\link.4016-rc.read.1.tlog
C:\Users\Foopington\Documents\Visual Studio 2012\Projects\MAGIC\MAGIC_FACE\MAGIC_FACE\MAGIC_FACE\Debug\link.4016-rc.write.1.tlog
C:\Users\Foopington\Documents\Visual Studio 2012\Projects\MAGIC\MAGIC_FACE\MAGIC_FACE\MAGIC_FACE\Debug\link.4016.read.1.tlog
C:\Users\Foopington\Documents\Visual Studio 2012\Projects\MAGIC\MAGIC_FACE\MAGIC_FACE\MAGIC_FACE\Debug\link.4016.write.1.tlog
C:\Users\Foopington\Documents\Visual Studio 2012\Projects\MAGIC\MAGIC_FACE\MAGIC_FACE\MAGIC_FACE\Debug\link.4388-cvtres.read.1.tlog
C:\Users\Foopington\Documents\Visual Studio 2012\Projects\MAGIC\MAGIC_FACE\MAGIC_FACE\MAGIC_FACE\Debug\link.4388-cvtres.write.1.tlog
C:\Users\Foopington\Documents\Visual Studio 2012\Projects\MAGIC\MAGIC_FACE\MAGIC_FACE\MAGIC_FACE\Debug\link.4388-rc.read.1.tlog
C:\Users\Foopington\Documents\Visual Studio 2012\Projects\MAGIC\MAGIC_FACE\MAGIC_FACE\MAGIC_FACE\Debug\link.4388-rc.write.1.tlog
C:\Users\Foopington\Documents\Visual Studio 2012\Projects\MAGIC\MAGIC_FACE\MAGIC_FACE\MAGIC_FACE\Debug\link.4388.read.1.tlog
C:\Users\Foopington\Documents\Visual Studio 2012\Projects\MAGIC\MAGIC_FACE\MAGIC_FACE\MAGIC_FACE\Debug\link.4388.write.1.tlog
C:\Users\Foopington\Documents\Visual Studio 2012\Projects\MAGIC\MAGIC_FACE\MAGIC_FACE\MAGIC_FACE\Debug\link.628-cvtres.read.1.tlog
C:\Users\Foopington\Documents\Visual Studio 2012\Projects\MAGIC\MAGIC_FACE\MAGIC_FACE\MAGIC_FACE\Debug\link.628-cvtres.write.1.tlog
C:\Users\Foopington\Documents\Visual Studio 2012\Projects\MAGIC\MAGIC_FACE\MAGIC_FACE\MAGIC_FACE\Debug\link.628-rc.read.1.tlog
C:\Users\Foopington\Documents\Visual Studio 2012\Projects\MAGIC\MAGIC_FACE\MAGIC_FACE\MAGIC_FACE\Debug\link.628-rc.write.1.tlog
C:\Users\Foopington\Documents\Visual Studio 2012\Projects\MAGIC\MAGIC_FACE\MAGIC_FACE\MAGIC_FACE\Debug\link.628.read.1.tlog
C:\Users\Foopington\Documents\Visual Studio 2012\Projects\MAGIC\MAGIC_FACE\MAGIC_FACE\MAGIC_FACE\Debug\link.628.write.1.tlog
C:\Users\Foopington\Documents\Visual Studio 2012\Projects\MAGIC\MAGIC_FACE\MAGIC_FACE\MAGIC_FACE\Debug\link.7668-cvtres.read.1.tlog
C:\Users\Foopington\Documents\Visual Studio 2012\Projects\MAGIC\MAGIC_FACE\MAGIC_FACE\MAGIC_FACE\Debug\link.7668-cvtres.write.1.tlog
C:\Users\Foopington\Documents\Visual Studio 2012\Projects\MAGIC\MAGIC_FACE\MAGIC_FACE\MAGIC_FACE\Debug\link.7668-rc.read.1.tlog
C:\Users\Foopington\Documents\Visual Studio 2012\Projects\MAGIC\MAGIC_FACE\MAGIC_FACE\MAGIC_FACE\Debug\link.7668-rc.write.1.tlog
C:\Users\Foopington\Documents\Visual Studio 2012\Projects\MAGIC\MAGIC_FACE\MAGIC_FACE\MAGIC_FACE\Debug\link.7668.read.1.tlog
C:\Users\Foopington\Documents\Visual Studio 2012\Projects\MAGIC\MAGIC_FACE\MAGIC_FACE\MAGIC_FACE\Debug\link.7668.write.1.tlog
C:\Users\Foopington\Documents\Visual Studio 2012\Projects\MAGIC\MAGIC_FACE\MAGIC_FACE\MAGIC_FACE\Debug\link.8148-cvtres.read.1.tlog
C:\Users\Foopington\Documents\Visual Studio 2012\Projects\MAGIC\MAGIC_FACE\MAGIC_FACE\MAGIC_FACE\Debug\link.8148-cvtres.write.1.tlog
C:\Users\Foopington\Documents\Visual Studio 2012\Projects\MAGIC\MAGIC_FACE\MAGIC_FACE\MAGIC_FACE\Debug\link.8148-rc.read.1.tlog
C:\Users\Foopington\Documents\Visual Studio 2012\Projects\MAGIC\MAGIC_FACE\MAGIC_FACE\MAGIC_FACE\Debug\link.8148-rc.write.1.tlog
C:\Users\Foopington\Documents\Visual Studio 2012\Projects\MAGIC\MAGIC_FACE\MAGIC_FACE\MAGIC_FACE\Debug\link.8148.read.1.tlog
C:\Users\Foopington\Documents\Visual Studio 2012\Projects\MAGIC\MAGIC_FACE\MAGIC_FACE\MAGIC_FACE\Debug\link.8148.write.1.tlog
C:\Users\Foopington\Documents\Visual Studio 2012\Projects\MAGIC\MAGIC_FACE\MAGIC_FACE\MAGIC_FACE\Debug\link.8820-cvtres.read.1.tlog
C:\Users\Foopington\Documents\Visual Studio 2012\Projects\MAGIC\MAGIC_FACE\MAGIC_FACE\MAGIC_FACE\Debug\link.8820-cvtres.write.1.tlog
C:\Users\Foopington\Documents\Visual Studio 2012\Projects\MAGIC\MAGIC_FACE\MAGIC_FACE\MAGIC_FACE\Debug\link.8820-rc.read.1.tlog
C:\Users\Foopington\Documents\Visual Studio 2012\Projects\MAGIC\MAGIC_FACE\MAGIC_FACE\MAGIC_FACE\Debug\link.8820-rc.write.1.tlog
C:\Users\Foopington\Documents\Visual Studio 2012\Projects\MAGIC\MAGIC_FACE\MAGIC_FACE\MAGIC_FACE\Debug\link.8820.read.1.tlog
C:\Users\Foopington\Documents\Visual Studio 2012\Projects\MAGIC\MAGIC_FACE\MAGIC_FACE\MAGIC_FACE\Debug\link.8820.write.1.tlog
C:\Users\Foopington\Documents\Visual Studio 2012\Projects\MAGIC\MAGIC_FACE\MAGIC_FACE\MAGIC_FACE\Debug\link.9632-cvtres.read.1.tlog
C:\Users\Foopington\Documents\Visual Studio 2012\Projects\MAGIC\MAGIC_FACE\MAGIC_FACE\MAGIC_FACE\Debug\link.9632-cvtres.write.1.tlog
C:\Users\Foopington\Documents\Visual Studio 2012\Projects\MAGIC\MAGIC_FACE\MAGIC_FACE\MAGIC_FACE\Debug\link.9632-rc.read.1.tlog
C:\Users\Foopington\Documents\Visual Studio 2012\Projects\MAGIC\MAGIC_FACE\MAGIC_FACE\MAGIC_FACE\Debug\link.9632-rc.write.1.tlog
C:\Users\Foopington\Documents\Visual Studio 2012\Projects\MAGIC\MAGIC_FACE\MAGIC_FACE\MAGIC_FACE\Debug\link.9632.read.1.tlog
C:\Users\Foopington\Documents\Visual Studio 2012\Projects\MAGIC\MAGIC_FACE\MAGIC_FACE\MAGIC_FACE\Debug\link.9632.write.1.tlog
C:\Users\Foopington\Documents\Visual Studio 2012\Projects\MAGIC\MAGIC_FACE\MAGIC_FACE\MAGIC_FACE\Debug\link.command.1.tlog
C:\Users\Foopington\Documents\Visual Studio 2012\Projects\MAGIC\MAGIC_FACE\MAGIC_FACE\MAGIC_FACE\Debug\link.read.1.tlog
C:\Users\Foopington\Documents\Visual Studio 2012\Projects\MAGIC\MAGIC_FACE\MAGIC_FACE\MAGIC_FACE\Debug\link.write.1.tlog
C:\Users\Foopington\Documents\Visual Studio 2012\Projects\MAGIC\MAGIC_FACE\MAGIC_FACE\MAGIC_FACE\Debug\MAGIC_FACE.pch
C:\Users\Foopington\Documents\Visual Studio 2012\Projects\MAGIC\MAGIC_FACE\MAGIC_FACE\MAGIC_FACE\Debug\vc110.idb
C:\Users\Foopington\Documents\Visual Studio 2012\Projects\MAGIC\MAGIC_FACE\MAGIC_FACE\MAGIC_FACE\Debug\vc110.pdb
